#
# There is insufficient memory for the Java Runtime Environment to continue.
# Native memory allocation (malloc) failed to allocate 1479296 bytes for Chunk::new
# Possible reasons:
#   The system is out of physical RAM or swap space
#   The process is running with CompressedOops enabled, and the Java Heap may be blocking the growth of the native heap
# Possible solutions:
#   Reduce memory load on the system
#   Increase physical memory or swap space
#   Check if swap backing store is full
#   Decrease Java heap size (-Xmx/-Xms)
#   Decrease number of Java threads
#   Decrease Java thread stack sizes (-Xss)
#   Set larger code cache with -XX:ReservedCodeCacheSize=
#   JVM is running with Unscaled Compressed Oops mode in which the Java heap is
#     placed in the first 4GB address space. The Java Heap base address is the
#     maximum limit for the native heap growth. Please use -XX:HeapBaseMinAddress
#     to set the Java Heap base and to place the Java Heap above 4GB virtual address.
# This output file may be truncated or incomplete.
#
#  Out of Memory Error (arena.cpp:195), pid=4412, tid=13232
#
# JRE version: Java(TM) SE Runtime Environment (16.0.2+7) (build 16.0.2+7-67)
# Java VM: Java HotSpot(TM) 64-Bit Server VM (16.0.2+7-67, mixed mode, sharing, tiered, compressed oops, compressed class ptrs, g1 gc, windows-amd64)
# No core dump will be written. Minidumps are not enabled by default on client versions of Windows
#

---------------  S U M M A R Y ------------

Command Line: -javaagent:C:\Program Files\JetBrains\IntelliJ IDEA Community Edition 2021.2\lib\idea_rt.jar=64277:C:\Program Files\JetBrains\IntelliJ IDEA Community Edition 2021.2\bin -Dfile.encoding=UTF-8 com.example.eurekanamingserver.EurekaNamingserverApplication

Host: Intel(R) Core(TM) i7-8565U CPU @ 1.80GHz, 8 cores, 7G,  Windows 10 , 64 bit Build 22000 (10.0.22000.318)
Time: Wed Jan 12 14:38:28 2022 GTB Standard Time elapsed time: 48.328697 seconds (0d 0h 0m 48s)

---------------  T H R E A D  ---------------

Current thread (0x000001a8e8069b50):  JavaThread "C2 CompilerThread1" daemon [_thread_in_native, id=13232, stack(0x0000007650300000,0x0000007650400000)]


Current CompileTask:
C2:  48328 5735       4       java.lang.Class::annotationData (44 bytes)

Stack: [0x0000007650300000,0x0000007650400000]
Native frames: (J=compiled Java code, j=interpreted, Vv=VM code, C=native code)
V  [jvm.dll+0x6681ca]
V  [jvm.dll+0x7c9e69]
V  [jvm.dll+0x7cb61e]
V  [jvm.dll+0x7cbc73]
V  [jvm.dll+0x242c55]
V  [jvm.dll+0xadeba]
V  [jvm.dll+0xae45c]
V  [jvm.dll+0x35a8d7]
V  [jvm.dll+0x1b9cc1]
V  [jvm.dll+0x215e16]
V  [jvm.dll+0x215100]
V  [jvm.dll+0x1a1beb]
V  [jvm.dll+0x225158]
V  [jvm.dll+0x22319c]
V  [jvm.dll+0x77fa62]
V  [jvm.dll+0x7795aa]
V  [jvm.dll+0x667066]
C  [ucrtbase.dll+0x26c0c]
C  [KERNEL32.DLL+0x154e0]
C  [ntdll.dll+0x485b]


---------------  P R O C E S S  ---------------

Threads class SMR info:
_java_thread_list=0x000001a8e5edafe0, length=63, elements={
0x000001a8e1f70f10, 0x000001a8e1f71ce0, 0x000001a8e1f89890, 0x000001a8e1f8a1a0,
0x000001a8e1f8aab0, 0x000001a8e1f8b3c0, 0x000001a8e1f8e7b0, 0x000001a8e1f8f1b0,
0x000001a8e1f92ff0, 0x000001a8e2caa5c0, 0x000001a8e31945b0, 0x000001a8e31a8500,
0x000001a8e5b93f10, 0x000001a8e5b929d0, 0x000001a8e5b94f00, 0x000001a8e5b93470,
0x000001a8e5b939c0, 0x000001a8e5b95450, 0x000001a8e5b94460, 0x000001a8e5b949b0,
0x000001a8e5b92480, 0x000001a8e34acea0, 0x000001a8e34a9980, 0x000001a8e34ad3f0,
0x000001a8e34aa420, 0x000001a8e34ade90, 0x000001a8e34ae3e0, 0x000001a8e34aa970,
0x000001a8e34ae930, 0x000001a8e34aaec0, 0x000001a8e34aee80, 0x000001a8e34ad940,
0x000001a8e34af3d0, 0x000001a8e34a9ed0, 0x000001a8e34ab410, 0x000001a8e34af920,
0x000001a8e34a9430, 0x000001a8e34afe70, 0x000001a8e34b03c0, 0x000001a8e34ab960,
0x000001a8e34abeb0, 0x000001a8e34a8990, 0x000001a8e34a8ee0, 0x000001a8e34ac400,
0x000001a8e34ac950, 0x000001a8e7bc1060, 0x000001a8e7bc15b0, 0x000001a8e7bc25a0,
0x000001a8e7bc2050, 0x000001a8e7bc3ae0, 0x000001a8e7bc3040, 0x000001a8e7bc4ad0,
0x000001a8e7bc7550, 0x000001a8e7bc4580, 0x000001a8e7bc7ff0, 0x000001a8e7bc7000,
0x000001a8e7bc5020, 0x000001a8e7bc1b00, 0x000001a8e7bc3590, 0x000001a8e7bc4030,
0x000001a8e7bc7aa0, 0x000001a8e8069b50, 0x000001a8e55a7470
}

Java Threads: ( => current thread )
  0x000001a8e1f70f10 JavaThread "Reference Handler" daemon [_thread_blocked, id=12080, stack(0x000000764bc00000,0x000000764bd00000)]
  0x000001a8e1f71ce0 JavaThread "Finalizer" daemon [_thread_blocked, id=8160, stack(0x000000764bd00000,0x000000764be00000)]
  0x000001a8e1f89890 JavaThread "Signal Dispatcher" daemon [_thread_blocked, id=824, stack(0x000000764be00000,0x000000764bf00000)]
  0x000001a8e1f8a1a0 JavaThread "Attach Listener" daemon [_thread_blocked, id=852, stack(0x000000764bf00000,0x000000764c000000)]
  0x000001a8e1f8aab0 JavaThread "Service Thread" daemon [_thread_blocked, id=15768, stack(0x000000764c000000,0x000000764c100000)]
  0x000001a8e1f8b3c0 JavaThread "Monitor Deflation Thread" daemon [_thread_blocked, id=11384, stack(0x000000764c100000,0x000000764c200000)]
  0x000001a8e1f8e7b0 JavaThread "C2 CompilerThread0" daemon [_thread_in_native, id=4492, stack(0x000000764c200000,0x000000764c300000)]
  0x000001a8e1f8f1b0 JavaThread "C1 CompilerThread0" daemon [_thread_blocked, id=18864, stack(0x000000764c300000,0x000000764c400000)]
  0x000001a8e1f92ff0 JavaThread "Sweeper thread" daemon [_thread_blocked, id=4648, stack(0x000000764c400000,0x000000764c500000)]
  0x000001a8e2caa5c0 JavaThread "Common-Cleaner" daemon [_thread_blocked, id=16792, stack(0x000000764c500000,0x000000764c600000)]
  0x000001a8e31945b0 JavaThread "Monitor Ctrl-Break" daemon [_thread_in_native, id=18332, stack(0x000000764c600000,0x000000764c700000)]
  0x000001a8e31a8500 JavaThread "Notification Thread" daemon [_thread_blocked, id=16524, stack(0x000000764c700000,0x000000764c800000)]
  0x000001a8e5b93f10 JavaThread "Catalina-utility-1" [_thread_blocked, id=5600, stack(0x000000764d100000,0x000000764d200000)]
  0x000001a8e5b929d0 JavaThread "Catalina-utility-2" [_thread_blocked, id=4296, stack(0x000000764d200000,0x000000764d300000)]
  0x000001a8e5b94f00 JavaThread "container-0" [_thread_blocked, id=5496, stack(0x000000764d300000,0x000000764d400000)]
  0x000001a8e5b93470 JavaThread "spring.cloud.inetutils" daemon [_thread_blocked, id=13360, stack(0x000000764d400000,0x000000764d500000)]
  0x000001a8e5b939c0 JavaThread "Eureka-DeltaRetentionTimer" daemon [_thread_blocked, id=7232, stack(0x000000764d500000,0x000000764d600000)]
  0x000001a8e5b95450 JavaThread "Eureka-EvictionTimer" daemon [_thread_blocked, id=15644, stack(0x000000764d600000,0x000000764d700000)]
  0x000001a8e5b94460 JavaThread "Eureka-MeasureRateTimer" daemon [_thread_blocked, id=12300, stack(0x000000764d700000,0x000000764d800000)]
  0x000001a8e5b949b0 JavaThread "ReplicaAwareInstanceRegistry - RenewalThresholdUpdater" daemon [_thread_blocked, id=14984, stack(0x000000764d800000,0x000000764d900000)]
  0x000001a8e5b92480 JavaThread "Eureka-MeasureRateTimer" daemon [_thread_blocked, id=11012, stack(0x000000764d900000,0x000000764da00000)]
  0x000001a8e34acea0 JavaThread "Apache-HttpClient-Conn-Cleaner2" daemon [_thread_blocked, id=14480, stack(0x000000764da00000,0x000000764db00000)]
  0x000001a8e34a9980 JavaThread "TaskAcceptor-target_localhost" daemon [_thread_blocked, id=15728, stack(0x000000764db00000,0x000000764dc00000)]
  0x000001a8e34ad3f0 JavaThread "StatsMonitor-0" daemon [_thread_blocked, id=2796, stack(0x000000764dc00000,0x000000764dd00000)]
  0x000001a8e34aa420 JavaThread "TaskBatchingWorker-target_localhost-0" daemon [_thread_blocked, id=7292, stack(0x000000764dd00000,0x000000764de00000)]
  0x000001a8e34ade90 JavaThread "TaskBatchingWorker-target_localhost-1" daemon [_thread_blocked, id=17276, stack(0x000000764de00000,0x000000764df00000)]
  0x000001a8e34ae3e0 JavaThread "TaskBatchingWorker-target_localhost-2" daemon [_thread_blocked, id=12544, stack(0x000000764df00000,0x000000764e000000)]
  0x000001a8e34aa970 JavaThread "TaskBatchingWorker-target_localhost-3" daemon [_thread_blocked, id=10436, stack(0x000000764e000000,0x000000764e100000)]
  0x000001a8e34ae930 JavaThread "TaskBatchingWorker-target_localhost-4" daemon [_thread_blocked, id=7116, stack(0x000000764e100000,0x000000764e200000)]
  0x000001a8e34aaec0 JavaThread "TaskBatchingWorker-target_localhost-5" daemon [_thread_blocked, id=16820, stack(0x000000764e200000,0x000000764e300000)]
  0x000001a8e34aee80 JavaThread "TaskBatchingWorker-target_localhost-6" daemon [_thread_blocked, id=12988, stack(0x000000764e300000,0x000000764e400000)]
  0x000001a8e34ad940 JavaThread "TaskBatchingWorker-target_localhost-7" daemon [_thread_blocked, id=13156, stack(0x000000764e400000,0x000000764e500000)]
  0x000001a8e34af3d0 JavaThread "TaskBatchingWorker-target_localhost-8" daemon [_thread_blocked, id=5380, stack(0x000000764e500000,0x000000764e600000)]
  0x000001a8e34a9ed0 JavaThread "TaskBatchingWorker-target_localhost-9" daemon [_thread_blocked, id=3348, stack(0x000000764e600000,0x000000764e700000)]
  0x000001a8e34ab410 JavaThread "TaskBatchingWorker-target_localhost-10" daemon [_thread_blocked, id=7544, stack(0x000000764e700000,0x000000764e800000)]
  0x000001a8e34af920 JavaThread "TaskBatchingWorker-target_localhost-11" daemon [_thread_blocked, id=15680, stack(0x000000764e800000,0x000000764e900000)]
  0x000001a8e34a9430 JavaThread "TaskBatchingWorker-target_localhost-12" daemon [_thread_blocked, id=12816, stack(0x000000764e900000,0x000000764ea00000)]
  0x000001a8e34afe70 JavaThread "TaskBatchingWorker-target_localhost-13" daemon [_thread_blocked, id=14536, stack(0x000000764ea00000,0x000000764eb00000)]
  0x000001a8e34b03c0 JavaThread "TaskBatchingWorker-target_localhost-14" daemon [_thread_blocked, id=1056, stack(0x000000764eb00000,0x000000764ec00000)]
  0x000001a8e34ab960 JavaThread "TaskBatchingWorker-target_localhost-15" daemon [_thread_blocked, id=6696, stack(0x000000764ec00000,0x000000764ed00000)]
  0x000001a8e34abeb0 JavaThread "TaskBatchingWorker-target_localhost-16" daemon [_thread_blocked, id=5116, stack(0x000000764ed00000,0x000000764ee00000)]
  0x000001a8e34a8990 JavaThread "TaskBatchingWorker-target_localhost-17" daemon [_thread_blocked, id=5780, stack(0x000000764ee00000,0x000000764ef00000)]
  0x000001a8e34a8ee0 JavaThread "TaskBatchingWorker-target_localhost-18" daemon [_thread_blocked, id=14528, stack(0x000000764ef00000,0x000000764f000000)]
  0x000001a8e34ac400 JavaThread "TaskBatchingWorker-target_localhost-19" daemon [_thread_blocked, id=19064, stack(0x000000764f000000,0x000000764f100000)]
  0x000001a8e34ac950 JavaThread "TaskAcceptor-localhost" daemon [_thread_blocked, id=12152, stack(0x000000764f100000,0x000000764f200000)]
  0x000001a8e7bc1060 JavaThread "TaskNonBatchingWorker-localhost-0" daemon [_thread_blocked, id=11796, stack(0x000000764f200000,0x000000764f300000)]
  0x000001a8e7bc15b0 JavaThread "Eureka-PeerNodesUpdater" daemon [_thread_blocked, id=2012, stack(0x000000764f300000,0x000000764f400000)]
  0x000001a8e7bc25a0 JavaThread "Eureka-CacheFillTimer" daemon [_thread_blocked, id=5456, stack(0x000000764f400000,0x000000764f500000)]
  0x000001a8e7bc2050 JavaThread "http-nio-8761-exec-1" daemon [_thread_blocked, id=17452, stack(0x000000764f600000,0x000000764f700000)]
  0x000001a8e7bc3ae0 JavaThread "http-nio-8761-exec-2" daemon [_thread_blocked, id=15920, stack(0x000000764f700000,0x000000764f800000)]
  0x000001a8e7bc3040 JavaThread "http-nio-8761-exec-3" daemon [_thread_blocked, id=13116, stack(0x000000764f800000,0x000000764f900000)]
  0x000001a8e7bc4ad0 JavaThread "http-nio-8761-exec-4" daemon [_thread_blocked, id=13936, stack(0x000000764f900000,0x000000764fa00000)]
  0x000001a8e7bc7550 JavaThread "http-nio-8761-exec-5" daemon [_thread_blocked, id=18992, stack(0x000000764fa00000,0x000000764fb00000)]
  0x000001a8e7bc4580 JavaThread "http-nio-8761-exec-6" daemon [_thread_blocked, id=14028, stack(0x000000764fb00000,0x000000764fc00000)]
  0x000001a8e7bc7ff0 JavaThread "http-nio-8761-exec-7" daemon [_thread_blocked, id=8396, stack(0x000000764fc00000,0x000000764fd00000)]
  0x000001a8e7bc7000 JavaThread "http-nio-8761-exec-8" daemon [_thread_blocked, id=14572, stack(0x000000764fd00000,0x000000764fe00000)]
  0x000001a8e7bc5020 JavaThread "http-nio-8761-exec-9" daemon [_thread_blocked, id=17084, stack(0x000000764fe00000,0x000000764ff00000)]
  0x000001a8e7bc1b00 JavaThread "http-nio-8761-exec-10" daemon [_thread_blocked, id=18680, stack(0x000000764ff00000,0x0000007650000000)]
  0x000001a8e7bc3590 JavaThread "http-nio-8761-Poller" daemon [_thread_in_native, id=14144, stack(0x0000007650000000,0x0000007650100000)]
  0x000001a8e7bc4030 JavaThread "http-nio-8761-Acceptor" daemon [_thread_in_native, id=17820, stack(0x0000007650100000,0x0000007650200000)]
  0x000001a8e7bc7aa0 JavaThread "DestroyJavaVM" [_thread_blocked, id=8232, stack(0x000000764b500000,0x000000764b600000)]
=>0x000001a8e8069b50 JavaThread "C2 CompilerThread1" daemon [_thread_in_native, id=13232, stack(0x0000007650300000,0x0000007650400000)]
  0x000001a8e55a7470 JavaThread "C2 CompilerThread2" daemon [_thread_blocked, id=17672, stack(0x0000007650400000,0x0000007650500000)]

Other Threads:
  0x000001a8e1f6a800 VMThread "VM Thread" [stack: 0x000000764bb00000,0x000000764bc00000] [id=18104]
  0x000001a8e319fbc0 WatcherThread [stack: 0x000000764c800000,0x000000764c900000] [id=7760]
  0x000001a8c20ce370 GCTaskThread "GC Thread#0" [stack: 0x000000764b600000,0x000000764b700000] [id=12900]
  0x000001a8e345e3f0 GCTaskThread "GC Thread#1" [stack: 0x000000764ca00000,0x000000764cb00000] [id=7332]
  0x000001a8e345e700 GCTaskThread "GC Thread#2" [stack: 0x000000764cb00000,0x000000764cc00000] [id=8676]
  0x000001a8e377e110 GCTaskThread "GC Thread#3" [stack: 0x000000764cc00000,0x000000764cd00000] [id=9004]
  0x000001a8e3703280 GCTaskThread "GC Thread#4" [stack: 0x000000764cd00000,0x000000764ce00000] [id=14804]
  0x000001a8e3703590 GCTaskThread "GC Thread#5" [stack: 0x000000764ce00000,0x000000764cf00000] [id=8492]
  0x000001a8e3ac2e80 GCTaskThread "GC Thread#6" [stack: 0x000000764cf00000,0x000000764d000000] [id=2484]
  0x000001a8e3817ad0 GCTaskThread "GC Thread#7" [stack: 0x000000764d000000,0x000000764d100000] [id=5656]
  0x000001a8c20e0350 ConcurrentGCThread "G1 Main Marker" [stack: 0x000000764b700000,0x000000764b800000] [id=12372]
  0x000001a8c20e14f0 ConcurrentGCThread "G1 Conc#0" [stack: 0x000000764b800000,0x000000764b900000] [id=9916]
  0x000001a8e54d7320 ConcurrentGCThread "G1 Conc#1" [stack: 0x000000764c900000,0x000000764ca00000] [id=1568]
  0x000001a8c2158570 ConcurrentGCThread "G1 Refine#0" [stack: 0x000000764b900000,0x000000764ba00000] [id=9420]
  0x000001a8e1e210a0 ConcurrentGCThread "G1 Service" [stack: 0x000000764ba00000,0x000000764bb00000] [id=3840]

Threads with active compile tasks:
C2 CompilerThread0    48372 5704       4       jdk.internal.loader.BuiltinClassLoader::defineClass (121 bytes)
C2 CompilerThread1    48372 5735       4       java.lang.Class::annotationData (44 bytes)

VM state: not at safepoint (normal execution)

VM Mutex/Monitor currently owned by a thread: None

Heap address: 0x0000000082400000, size: 2012 MB, Compressed Oops mode: 32-bit

CDS archive(s) mapped at: [0x0000000800000000-0x0000000800bb0000-0x0000000800bb0000), size 12255232, SharedBaseAddress: 0x0000000800000000, ArchiveRelocationMode: 0.
Compressed class space mapped at: 0x0000000800c00000-0x0000000840c00000, reserved size: 1073741824
Narrow klass base: 0x0000000800000000, Narrow klass shift: 3, Narrow klass range: 0x100000000

GC Precious Log:
 CPUs: 8 total, 8 available
 Memory: 8043M
 Large Page Support: Disabled
 NUMA Support: Disabled
 Compressed Oops: Enabled (32-bit)
 Heap Region Size: 1M
 Heap Min Capacity: 8M
 Heap Initial Capacity: 126M
 Heap Max Capacity: 2012M
 Pre-touch: Disabled
 Parallel Workers: 8
 Concurrent Workers: 2
 Concurrent Refinement Workers: 8
 Periodic GC: Disabled

Heap:
 garbage-first heap   total 71680K, used 39217K [0x0000000082400000, 0x0000000100000000)
  region size 1024K, 14 young (14336K), 2 survivors (2048K)
 Metaspace       used 53758K, committed 54208K, reserved 1097728K
  class space    used 7060K, committed 7232K, reserved 1048576K

Heap Regions: E=young(eden), S=young(survivor), O=old, HS=humongous(starts), HC=humongous(continues), CS=collection set, F=free, OA=open archive, CA=closed archive, TAMS=top-at-mark-start (previous, next)
|   0|0x0000000082400000, 0x0000000082500000, 0x0000000082500000|100%| O|  |TAMS 0x0000000082500000, 0x0000000082400000| Untracked 
|   1|0x0000000082500000, 0x0000000082600000, 0x0000000082600000|100%| O|  |TAMS 0x0000000082600000, 0x0000000082500000| Untracked 
|   2|0x0000000082600000, 0x0000000082700000, 0x0000000082700000|100%| O|  |TAMS 0x0000000082700000, 0x0000000082600000| Untracked 
|   3|0x0000000082700000, 0x0000000082800000, 0x0000000082800000|100%| O|  |TAMS 0x0000000082800000, 0x0000000082700000| Untracked 
|   4|0x0000000082800000, 0x0000000082900000, 0x0000000082900000|100%| O|  |TAMS 0x0000000082900000, 0x0000000082800000| Untracked 
|   5|0x0000000082900000, 0x0000000082a00000, 0x0000000082a00000|100%| O|  |TAMS 0x0000000082a00000, 0x0000000082900000| Untracked 
|   6|0x0000000082a00000, 0x0000000082a76c00, 0x0000000082b00000| 46%| O|  |TAMS 0x0000000082a76c00, 0x0000000082a00000| Untracked 
|   7|0x0000000082b00000, 0x0000000082c00000, 0x0000000082c00000|100%| O|  |TAMS 0x0000000082c00000, 0x0000000082b00000| Untracked 
|   8|0x0000000082c00000, 0x0000000082d00000, 0x0000000082d00000|100%| O|  |TAMS 0x0000000082d00000, 0x0000000082c00000| Untracked 
|   9|0x0000000082d00000, 0x0000000082e00000, 0x0000000082e00000|100%| O|  |TAMS 0x0000000082e00000, 0x0000000082d00000| Untracked 
|  10|0x0000000082e00000, 0x0000000082f00000, 0x0000000082f00000|100%| O|  |TAMS 0x0000000082f00000, 0x0000000082e00000| Untracked 
|  11|0x0000000082f00000, 0x0000000083000000, 0x0000000083000000|100%| O|  |TAMS 0x0000000083000000, 0x0000000082f00000| Untracked 
|  12|0x0000000083000000, 0x0000000083100000, 0x0000000083100000|100%| O|  |TAMS 0x0000000083000000, 0x0000000083000000| Untracked 
|  13|0x0000000083100000, 0x0000000083200000, 0x0000000083200000|100%| O|  |TAMS 0x0000000083100000, 0x0000000083100000| Untracked 
|  14|0x0000000083200000, 0x0000000083300000, 0x0000000083300000|100%| O|  |TAMS 0x0000000083200000, 0x0000000083200000| Untracked 
|  15|0x0000000083300000, 0x0000000083400000, 0x0000000083400000|100%| O|  |TAMS 0x0000000083300000, 0x0000000083300000| Untracked 
|  16|0x0000000083400000, 0x0000000083500000, 0x0000000083500000|100%| O|  |TAMS 0x0000000083500000, 0x0000000083400000| Untracked 
|  17|0x0000000083500000, 0x0000000083600000, 0x0000000083600000|100%| O|  |TAMS 0x0000000083600000, 0x0000000083500000| Untracked 
|  18|0x0000000083600000, 0x0000000083700000, 0x0000000083700000|100%| O|  |TAMS 0x00000000836caa00, 0x0000000083600000| Untracked 
|  19|0x0000000083700000, 0x0000000083800000, 0x0000000083800000|100%| O|  |TAMS 0x0000000083700000, 0x0000000083700000| Untracked 
|  20|0x0000000083800000, 0x0000000083900000, 0x0000000083900000|100%| O|  |TAMS 0x0000000083800000, 0x0000000083800000| Untracked 
|  21|0x0000000083900000, 0x0000000083a00000, 0x0000000083a00000|100%| O|  |TAMS 0x0000000083900000, 0x0000000083900000| Untracked 
|  22|0x0000000083a00000, 0x0000000083b00000, 0x0000000083b00000|100%| O|  |TAMS 0x0000000083a00000, 0x0000000083a00000| Untracked 
|  23|0x0000000083b00000, 0x0000000083c00000, 0x0000000083c00000|100%| O|  |TAMS 0x0000000083b00000, 0x0000000083b00000| Untracked 
|  24|0x0000000083c00000, 0x0000000083d00000, 0x0000000083d00000|100%| O|  |TAMS 0x0000000083c00000, 0x0000000083c00000| Untracked 
|  25|0x0000000083d00000, 0x0000000083e00000, 0x0000000083e00000|100%| O|  |TAMS 0x0000000083d00000, 0x0000000083d00000| Untracked 
|  26|0x0000000083e00000, 0x0000000083f00000, 0x0000000083f00000|100%| O|  |TAMS 0x0000000083e00000, 0x0000000083e00000| Untracked 
|  27|0x0000000083f00000, 0x0000000083f5f400, 0x0000000084000000| 37%| O|  |TAMS 0x0000000083f00000, 0x0000000083f00000| Untracked 
|  28|0x0000000084000000, 0x0000000084000000, 0x0000000084100000|  0%| F|  |TAMS 0x0000000084000000, 0x0000000084000000| Untracked 
|  29|0x0000000084100000, 0x0000000084100000, 0x0000000084200000|  0%| F|  |TAMS 0x0000000084100000, 0x0000000084100000| Untracked 
|  30|0x0000000084200000, 0x0000000084200000, 0x0000000084300000|  0%| F|  |TAMS 0x0000000084200000, 0x0000000084200000| Untracked 
|  31|0x0000000084300000, 0x0000000084300000, 0x0000000084400000|  0%| F|  |TAMS 0x0000000084300000, 0x0000000084300000| Untracked 
|  32|0x0000000084400000, 0x0000000084400000, 0x0000000084500000|  0%| F|  |TAMS 0x0000000084400000, 0x0000000084400000| Untracked 
|  33|0x0000000084500000, 0x0000000084500000, 0x0000000084600000|  0%| F|  |TAMS 0x0000000084500000, 0x0000000084500000| Untracked 
|  34|0x0000000084600000, 0x0000000084600000, 0x0000000084700000|  0%| F|  |TAMS 0x0000000084600000, 0x0000000084600000| Untracked 
|  35|0x0000000084700000, 0x0000000084700000, 0x0000000084800000|  0%| F|  |TAMS 0x0000000084700000, 0x0000000084700000| Untracked 
|  36|0x0000000084800000, 0x0000000084800000, 0x0000000084900000|  0%| F|  |TAMS 0x0000000084800000, 0x0000000084800000| Untracked 
|  37|0x0000000084900000, 0x0000000084900000, 0x0000000084a00000|  0%| F|  |TAMS 0x0000000084900000, 0x0000000084900000| Untracked 
|  38|0x0000000084a00000, 0x0000000084a767d8, 0x0000000084b00000| 46%| S|CS|TAMS 0x0000000084a00000, 0x0000000084a00000| Complete 
|  39|0x0000000084b00000, 0x0000000084c00000, 0x0000000084c00000|100%| S|CS|TAMS 0x0000000084b00000, 0x0000000084b00000| Complete 
|  40|0x0000000084c00000, 0x0000000084c00000, 0x0000000084d00000|  0%| F|  |TAMS 0x0000000084c00000, 0x0000000084c00000| Untracked 
|  41|0x0000000084d00000, 0x0000000084d00000, 0x0000000084e00000|  0%| F|  |TAMS 0x0000000084d00000, 0x0000000084d00000| Untracked 
|  42|0x0000000084e00000, 0x0000000084e00000, 0x0000000084f00000|  0%| F|  |TAMS 0x0000000084e00000, 0x0000000084e00000| Untracked 
|  43|0x0000000084f00000, 0x0000000084f00000, 0x0000000085000000|  0%| F|  |TAMS 0x0000000084f00000, 0x0000000084f00000| Untracked 
|  44|0x0000000085000000, 0x0000000085000000, 0x0000000085100000|  0%| F|  |TAMS 0x0000000085000000, 0x0000000085000000| Untracked 
|  45|0x0000000085100000, 0x0000000085100000, 0x0000000085200000|  0%| F|  |TAMS 0x0000000085100000, 0x0000000085100000| Untracked 
|  46|0x0000000085200000, 0x0000000085200000, 0x0000000085300000|  0%| F|  |TAMS 0x0000000085200000, 0x0000000085200000| Untracked 
|  47|0x0000000085300000, 0x0000000085300000, 0x0000000085400000|  0%| F|  |TAMS 0x0000000085300000, 0x0000000085300000| Untracked 
|  48|0x0000000085400000, 0x0000000085400000, 0x0000000085500000|  0%| F|  |TAMS 0x0000000085400000, 0x0000000085400000| Untracked 
|  49|0x0000000085500000, 0x0000000085500000, 0x0000000085600000|  0%| F|  |TAMS 0x0000000085500000, 0x0000000085500000| Untracked 
|  50|0x0000000085600000, 0x0000000085600000, 0x0000000085700000|  0%| F|  |TAMS 0x0000000085600000, 0x0000000085600000| Untracked 
|  51|0x0000000085700000, 0x0000000085700000, 0x0000000085800000|  0%| F|  |TAMS 0x0000000085700000, 0x0000000085700000| Untracked 
|  52|0x0000000085800000, 0x0000000085800000, 0x0000000085900000|  0%| F|  |TAMS 0x0000000085800000, 0x0000000085800000| Untracked 
|  53|0x0000000085900000, 0x0000000085900000, 0x0000000085a00000|  0%| F|  |TAMS 0x0000000085900000, 0x0000000085900000| Untracked 
|  54|0x0000000085a00000, 0x0000000085a00000, 0x0000000085b00000|  0%| F|  |TAMS 0x0000000085a00000, 0x0000000085a00000| Untracked 
|  55|0x0000000085b00000, 0x0000000085b00000, 0x0000000085c00000|  0%| F|  |TAMS 0x0000000085b00000, 0x0000000085b00000| Untracked 
|  56|0x0000000085c00000, 0x0000000085c00000, 0x0000000085d00000|  0%| F|  |TAMS 0x0000000085c00000, 0x0000000085c00000| Untracked 
|  57|0x0000000085d00000, 0x0000000085d00000, 0x0000000085e00000|  0%| F|  |TAMS 0x0000000085d00000, 0x0000000085d00000| Untracked 
|  58|0x0000000085e00000, 0x0000000085e328f0, 0x0000000085f00000| 19%| E|  |TAMS 0x0000000085e00000, 0x0000000085e00000| Complete 
|  59|0x0000000085f00000, 0x0000000086000000, 0x0000000086000000|100%| E|CS|TAMS 0x0000000085f00000, 0x0000000085f00000| Complete 
|  60|0x0000000086000000, 0x0000000086100000, 0x0000000086100000|100%| E|CS|TAMS 0x0000000086000000, 0x0000000086000000| Complete 
|  61|0x0000000086100000, 0x0000000086200000, 0x0000000086200000|100%| E|CS|TAMS 0x0000000086100000, 0x0000000086100000| Complete 
|  62|0x0000000086200000, 0x0000000086300000, 0x0000000086300000|100%| E|CS|TAMS 0x0000000086200000, 0x0000000086200000| Complete 
| 113|0x0000000089500000, 0x0000000089600000, 0x0000000089600000|100%| E|CS|TAMS 0x0000000089500000, 0x0000000089500000| Complete 
| 114|0x0000000089600000, 0x0000000089700000, 0x0000000089700000|100%| E|CS|TAMS 0x0000000089600000, 0x0000000089600000| Complete 
| 115|0x0000000089700000, 0x00000000897ffe08, 0x0000000089800000| 99%| E|  |TAMS 0x0000000089700000, 0x0000000089700000| Complete 
| 116|0x0000000089800000, 0x0000000089900000, 0x0000000089900000|100%| E|CS|TAMS 0x0000000089800000, 0x0000000089800000| Complete 
| 117|0x0000000089900000, 0x0000000089a00000, 0x0000000089a00000|100%| E|CS|TAMS 0x0000000089900000, 0x0000000089900000| Complete 
| 118|0x0000000089a00000, 0x0000000089b00000, 0x0000000089b00000|100%| E|CS|TAMS 0x0000000089a00000, 0x0000000089a00000| Complete 
| 125|0x000000008a100000, 0x000000008a200000, 0x000000008a200000|100%| E|CS|TAMS 0x000000008a100000, 0x000000008a100000| Complete 

Card table byte_map: [0x000001a8dae30000,0x000001a8db220000] _byte_map_base: 0x000001a8daa1e000

Marking Bits (Prev, Next): (CMBitMap*) 0x000001a8c20cfd80, (CMBitMap*) 0x000001a8c20cfdc0
 Prev Bits: [0x000001a8db610000, 0x000001a8dd580000)
 Next Bits: [0x000001a8dd580000, 0x000001a8df4f0000)

Polling page: 0x000001a8c2160000

Metaspace:

Usage:
  Non-class:     45.60 MB used.
      Class:      6.90 MB used.
       Both:     52.50 MB used.

Virtual space:
  Non-class space:       48.00 MB reserved,      45.88 MB ( 96%) committed,  6 nodes.
      Class space:        1.00 GB reserved,       7.06 MB ( <1%) committed,  1 nodes.
              Both:        1.05 GB reserved,      52.94 MB (  5%) committed. 

Chunk freelists:
   Non-Class:  1.61 MB
       Class:  768.00 KB
        Both:  2.36 MB

MaxMetaspaceSize: 17179869184.00 GB
CompressedClassSpaceSize: 1.00 GB
 - commit_granule_bytes: 65536.
 - commit_granule_words: 8192.
 - virtual_space_node_default_size: 1048576.
 - enlarge_chunks_in_place: 1.
 - new_chunks_are_fully_committed: 0.
 - uncommit_free_chunks: 1.
 - use_allocation_guard: 0.
 - handle_deallocations: 1.


Internal statistics:

num_allocs_failed_limit: 6.
num_arena_births: 544.
num_arena_deaths: 0.
num_vsnodes_births: 7.
num_vsnodes_deaths: 0.
num_space_committed: 846.
num_space_uncommitted: 0.
num_chunks_returned_to_freelist: 6.
num_chunks_taken_from_freelist: 2440.
num_chunk_merges: 6.
num_chunk_splits: 1666.
num_chunks_enlarged: 1259.
num_purges: 0.

CodeHeap 'non-profiled nmethods': size=120000Kb used=2647Kb max_used=2647Kb free=117352Kb
 bounds [0x000001a8d2ab0000, 0x000001a8d2d50000, 0x000001a8d9fe0000]
CodeHeap 'profiled nmethods': size=120000Kb used=11285Kb max_used=11285Kb free=108714Kb
 bounds [0x000001a8cb580000, 0x000001a8cc090000, 0x000001a8d2ab0000]
CodeHeap 'non-nmethods': size=5760Kb used=1284Kb max_used=1341Kb free=4475Kb
 bounds [0x000001a8cafe0000, 0x000001a8cb250000, 0x000001a8cb580000]
 total_blobs=6322 nmethods=5721 adapters=513
 compilation: enabled
              stopped_count=0, restarted_count=0
 full_count=0

Compilation events (20 events):
Event: 48.204 Thread 0x000001a8e1f8e7b0 nmethod 5744 0x000001a8d2d39190 code [0x000001a8d2d393e0, 0x000001a8d2d3afc0]
Event: 48.204 Thread 0x000001a8e1f8e7b0 5761       4       java.lang.StringBuilder::append (6 bytes)
Event: 48.212 Thread 0x000001a8e1f8e7b0 nmethod 5761 0x000001a8d2d3bd10 code [0x000001a8d2d3bea0, 0x000001a8d2d3c4d8]
Event: 48.212 Thread 0x000001a8e1f8e7b0 5793       4       java.lang.AbstractStringBuilder::<init> (63 bytes)
Event: 48.223 Thread 0x000001a8e1f8e7b0 nmethod 5793 0x000001a8d2d3c910 code [0x000001a8d2d3cac0, 0x000001a8d2d3d378]
Event: 48.223 Thread 0x000001a8e1f8e7b0 5704       4       jdk.internal.loader.BuiltinClassLoader::defineClass (121 bytes)
Event: 48.310 Thread 0x000001a8e1f8f1b0 5814       3       java.nio.CharBuffer::position (8 bytes)
Event: 48.310 Thread 0x000001a8e1f8f1b0 nmethod 5814 0x000001a8cc081d10 code [0x000001a8cc081ec0, 0x000001a8cc082008]
Event: 48.311 Thread 0x000001a8e1f8f1b0 5815   !   3       java.io.StringReader::read (52 bytes)
Event: 48.312 Thread 0x000001a8e1f8f1b0 nmethod 5815 0x000001a8cc082090 code [0x000001a8cc0822e0, 0x000001a8cc082bc8]
Event: 48.312 Thread 0x000001a8e1f8f1b0 5816   !   3       java.io.StringReader::mark (44 bytes)
Event: 48.313 Thread 0x000001a8e1f8f1b0 nmethod 5816 0x000001a8cc083090 code [0x000001a8cc083280, 0x000001a8cc083718]
Event: 48.313 Thread 0x000001a8e1f8f1b0 5817       3       org.springframework.util.MimeType::checkToken (74 bytes)
Event: 48.315 Thread 0x000001a8e1f8f1b0 nmethod 5817 0x000001a8cc083910 code [0x000001a8cc083c20, 0x000001a8cc084b18]
Event: 48.315 Thread 0x000001a8e1f8f1b0 5820       1       org.springframework.web.servlet.mvc.condition.AbstractMediaTypeExpression::getMediaType (5 bytes)
Event: 48.315 Thread 0x000001a8e1f8f1b0 nmethod 5820 0x000001a8d2d3d890 code [0x000001a8d2d3da20, 0x000001a8d2d3daf8]
Event: 48.315 Thread 0x000001a8e1f8f1b0 5818       1       org.apache.tomcat.util.buf.AbstractChunk::getEnd (5 bytes)
Event: 48.315 Thread 0x000001a8e1f8f1b0 nmethod 5818 0x000001a8d2d3db90 code [0x000001a8d2d3dd20, 0x000001a8d2d3ddf8]
Event: 48.315 Thread 0x000001a8e1f8f1b0 5819       3       org.apache.tomcat.util.buf.AbstractChunk::isNull (22 bytes)
Event: 48.315 Thread 0x000001a8e1f8f1b0 nmethod 5819 0x000001a8cc085110 code [0x000001a8cc0852c0, 0x000001a8cc085498]

GC Heap History (20 events):
Event: 3.690 GC heap before
{Heap before GC invocations=6 (full 0):
 garbage-first heap   total 48128K, used 31873K [0x0000000082400000, 0x0000000100000000)
  region size 1024K, 22 young (22528K), 3 survivors (3072K)
 Metaspace       used 25820K, committed 26112K, reserved 1073152K
  class space    used 3249K, committed 3392K, reserved 1048576K
}
Event: 3.696 GC heap after
{Heap after GC invocations=7 (full 0):
 garbage-first heap   total 48128K, used 14582K [0x0000000082400000, 0x0000000100000000)
  region size 1024K, 3 young (3072K), 3 survivors (3072K)
 Metaspace       used 25820K, committed 26112K, reserved 1073152K
  class space    used 3249K, committed 3392K, reserved 1048576K
}
Event: 4.049 GC heap before
{Heap before GC invocations=7 (full 0):
 garbage-first heap   total 48128K, used 37110K [0x0000000082400000, 0x0000000100000000)
  region size 1024K, 22 young (22528K), 3 survivors (3072K)
 Metaspace       used 29115K, committed 29376K, reserved 1081344K
  class space    used 3656K, committed 3776K, reserved 1048576K
}
Event: 4.056 GC heap after
{Heap after GC invocations=8 (full 0):
 garbage-first heap   total 48128K, used 17223K [0x0000000082400000, 0x0000000100000000)
  region size 1024K, 2 young (2048K), 2 survivors (2048K)
 Metaspace       used 29115K, committed 29376K, reserved 1081344K
  class space    used 3656K, committed 3776K, reserved 1048576K
}
Event: 4.144 GC heap before
{Heap before GC invocations=8 (full 0):
 garbage-first heap   total 48128K, used 35655K [0x0000000082400000, 0x0000000100000000)
  region size 1024K, 20 young (20480K), 2 survivors (2048K)
 Metaspace       used 29383K, committed 29632K, reserved 1081344K
  class space    used 3683K, committed 3776K, reserved 1048576K
}
Event: 4.148 GC heap after
{Heap after GC invocations=9 (full 0):
 garbage-first heap   total 58368K, used 16349K [0x0000000082400000, 0x0000000100000000)
  region size 1024K, 2 young (2048K), 2 survivors (2048K)
 Metaspace       used 29383K, committed 29632K, reserved 1081344K
  class space    used 3683K, committed 3776K, reserved 1048576K
}
Event: 4.542 GC heap before
{Heap before GC invocations=9 (full 0):
 garbage-first heap   total 58368K, used 43997K [0x0000000082400000, 0x0000000100000000)
  region size 1024K, 29 young (29696K), 2 survivors (2048K)
 Metaspace       used 31550K, committed 31936K, reserved 1081344K
  class space    used 3991K, committed 4160K, reserved 1048576K
}
Event: 4.548 GC heap after
{Heap after GC invocations=10 (full 0):
 garbage-first heap   total 58368K, used 17669K [0x0000000082400000, 0x0000000100000000)
  region size 1024K, 3 young (3072K), 3 survivors (3072K)
 Metaspace       used 31550K, committed 31936K, reserved 1081344K
  class space    used 3991K, committed 4160K, reserved 1048576K
}
Event: 4.981 GC heap before
{Heap before GC invocations=10 (full 0):
 garbage-first heap   total 58368K, used 43269K [0x0000000082400000, 0x0000000100000000)
  region size 1024K, 29 young (29696K), 3 survivors (3072K)
 Metaspace       used 35229K, committed 35520K, reserved 1081344K
  class space    used 4482K, committed 4608K, reserved 1048576K
}
Event: 4.990 GC heap after
{Heap after GC invocations=11 (full 0):
 garbage-first heap   total 58368K, used 19625K [0x0000000082400000, 0x0000000100000000)
  region size 1024K, 4 young (4096K), 4 survivors (4096K)
 Metaspace       used 35229K, committed 35520K, reserved 1081344K
  class space    used 4482K, committed 4608K, reserved 1048576K
}
Event: 5.326 GC heap before
{Heap before GC invocations=12 (full 0):
 garbage-first heap   total 58368K, used 43177K [0x0000000082400000, 0x0000000100000000)
  region size 1024K, 28 young (28672K), 4 survivors (4096K)
 Metaspace       used 37955K, committed 38336K, reserved 1089536K
  class space    used 4900K, committed 5056K, reserved 1048576K
}
Event: 5.337 GC heap after
{Heap after GC invocations=13 (full 0):
 garbage-first heap   total 58368K, used 20767K [0x0000000082400000, 0x0000000100000000)
  region size 1024K, 2 young (2048K), 2 survivors (2048K)
 Metaspace       used 37955K, committed 38336K, reserved 1089536K
  class space    used 4900K, committed 5056K, reserved 1048576K
}
Event: 5.836 GC heap before
{Heap before GC invocations=13 (full 0):
 garbage-first heap   total 58368K, used 44319K [0x0000000082400000, 0x0000000100000000)
  region size 1024K, 25 young (25600K), 2 survivors (2048K)
 Metaspace       used 41845K, committed 42240K, reserved 1089536K
  class space    used 5520K, committed 5696K, reserved 1048576K
}
Event: 5.840 GC heap after
{Heap after GC invocations=14 (full 0):
 garbage-first heap   total 58368K, used 22770K [0x0000000082400000, 0x0000000100000000)
  region size 1024K, 4 young (4096K), 4 survivors (4096K)
 Metaspace       used 41845K, committed 42240K, reserved 1089536K
  class space    used 5520K, committed 5696K, reserved 1048576K
}
Event: 6.367 GC heap before
{Heap before GC invocations=14 (full 0):
 garbage-first heap   total 58368K, used 44274K [0x0000000082400000, 0x0000000100000000)
  region size 1024K, 25 young (25600K), 4 survivors (4096K)
 Metaspace       used 45043K, committed 45440K, reserved 1089536K
  class space    used 5985K, committed 6208K, reserved 1048576K
}
Event: 6.372 GC heap after
{Heap after GC invocations=15 (full 0):
 garbage-first heap   total 58368K, used 24649K [0x0000000082400000, 0x0000000100000000)
  region size 1024K, 2 young (2048K), 2 survivors (2048K)
 Metaspace       used 45043K, committed 45440K, reserved 1089536K
  class space    used 5985K, committed 6208K, reserved 1048576K
}
Event: 6.683 GC heap before
{Heap before GC invocations=15 (full 0):
 garbage-first heap   total 58368K, used 46153K [0x0000000082400000, 0x0000000100000000)
  region size 1024K, 23 young (23552K), 2 survivors (2048K)
 Metaspace       used 48892K, committed 49280K, reserved 1097728K
  class space    used 6420K, committed 6592K, reserved 1048576K
}
Event: 6.687 GC heap after
{Heap after GC invocations=16 (full 0):
 garbage-first heap   total 58368K, used 27636K [0x0000000082400000, 0x0000000100000000)
  region size 1024K, 3 young (3072K), 3 survivors (3072K)
 Metaspace       used 48892K, committed 49280K, reserved 1097728K
  class space    used 6420K, committed 6592K, reserved 1048576K
}
Event: 43.316 GC heap before
{Heap before GC invocations=16 (full 0):
 garbage-first heap   total 58368K, used 44020K [0x0000000082400000, 0x0000000100000000)
  region size 1024K, 20 young (20480K), 3 survivors (3072K)
 Metaspace       used 51362K, committed 51776K, reserved 1097728K
  class space    used 6709K, committed 6912K, reserved 1048576K
}
Event: 43.322 GC heap after
{Heap after GC invocations=17 (full 0):
 garbage-first heap   total 71680K, used 28977K [0x0000000082400000, 0x0000000100000000)
  region size 1024K, 2 young (2048K), 2 survivors (2048K)
 Metaspace       used 51362K, committed 51776K, reserved 1097728K
  class space    used 6709K, committed 6912K, reserved 1048576K
}

Deoptimization events (20 events):
Event: 22.665 Thread 0x000001a8e7bc2050 Uncommon trap: trap_request=0xffffffde fr.pc=0x000001a8d2cd076c relative=0x000000000000012c
Event: 22.665 Thread 0x000001a8e7bc2050 Uncommon trap: reason=class_check action=maybe_recompile pc=0x000001a8d2cd076c method=java.util.regex.Pattern$BmpCharProperty.match(Ljava/util/regex/Matcher;ILjava/lang/CharSequence;)Z @ 14 c2
Event: 22.665 Thread 0x000001a8e7bc2050 DEOPT PACKING pc=0x000001a8d2cd076c sp=0x000000764f6fd210
Event: 22.665 Thread 0x000001a8e7bc2050 DEOPT UNPACKING pc=0x000001a8cb02d72e sp=0x000000764f6fd1b0 mode 2
Event: 22.665 Thread 0x000001a8e7bc2050 Uncommon trap: trap_request=0xffffffde fr.pc=0x000001a8d2cb8f00 relative=0x0000000000000260
Event: 22.665 Thread 0x000001a8e7bc2050 Uncommon trap: reason=class_check action=maybe_recompile pc=0x000001a8d2cb8f00 method=java.util.regex.Matcher.getTextLength()I @ 4 c2
Event: 22.665 Thread 0x000001a8e7bc2050 DEOPT PACKING pc=0x000001a8d2cb8f00 sp=0x000000764f6fd220
Event: 22.665 Thread 0x000001a8e7bc2050 DEOPT UNPACKING pc=0x000001a8cb02d72e sp=0x000000764f6fd148 mode 2
Event: 22.665 Thread 0x000001a8e7bc2050 Uncommon trap: trap_request=0xffffffde fr.pc=0x000001a8d2cd076c relative=0x000000000000012c
Event: 22.665 Thread 0x000001a8e7bc2050 Uncommon trap: reason=class_check action=maybe_recompile pc=0x000001a8d2cd076c method=java.util.regex.Pattern$BmpCharProperty.match(Ljava/util/regex/Matcher;ILjava/lang/CharSequence;)Z @ 14 c2
Event: 22.665 Thread 0x000001a8e7bc2050 DEOPT PACKING pc=0x000001a8d2cd076c sp=0x000000764f6fd210
Event: 22.665 Thread 0x000001a8e7bc2050 DEOPT UNPACKING pc=0x000001a8cb02d72e sp=0x000000764f6fd1b0 mode 2
Event: 22.665 Thread 0x000001a8e7bc2050 Uncommon trap: trap_request=0xffffffde fr.pc=0x000001a8d2cd076c relative=0x000000000000012c
Event: 22.665 Thread 0x000001a8e7bc2050 Uncommon trap: reason=class_check action=maybe_recompile pc=0x000001a8d2cd076c method=java.util.regex.Pattern$BmpCharProperty.match(Ljava/util/regex/Matcher;ILjava/lang/CharSequence;)Z @ 14 c2
Event: 22.665 Thread 0x000001a8e7bc2050 DEOPT PACKING pc=0x000001a8d2cd076c sp=0x000000764f6fd210
Event: 22.665 Thread 0x000001a8e7bc2050 DEOPT UNPACKING pc=0x000001a8cb02d72e sp=0x000000764f6fd1b0 mode 2
Event: 48.007 Thread 0x000001a8e7bc7ff0 DEOPT PACKING pc=0x000001a8cbf47c8f sp=0x000000764fcfbda0
Event: 48.007 Thread 0x000001a8e7bc7ff0 DEOPT UNPACKING pc=0x000001a8cb02dece sp=0x000000764fcfb308 mode 0
Event: 48.120 Thread 0x000001a8e7bc7ff0 DEOPT PACKING pc=0x000001a8cbf47c8f sp=0x000000764fcfc250
Event: 48.120 Thread 0x000001a8e7bc7ff0 DEOPT UNPACKING pc=0x000001a8cb02dece sp=0x000000764fcfb7b8 mode 0

Classes unloaded (0 events):
No events

Classes redefined (0 events):
No events

Internal exceptions (20 events):
Event: 22.669 Thread 0x000001a8e7bc2050 Exception <a 'java/lang/NoSuchMethodError'{0x0000000084cbda48}: 'java.lang.Object java.lang.invoke.DirectMethodHandle$Holder.newInvokeSpecial(java.lang.Object, java.lang.Object, java.lang.Object, java.lang.Object, java.lang.Object, java.lang.Object, java.lang.Object)'> (0x0000000084cbda48) 
thrown [t:\workspace\open\src\hotspot\share\interpreter\linkResolver.cpp, line 790]
Event: 22.670 Thread 0x000001a8e7bc2050 Exception <a 'java/lang/NoSuchMethodError'{0x0000000084cc20f8}: 'java.lang.Object java.lang.invoke.Invokers$Holder.linkToTargetMethod(java.lang.Object, java.lang.Object, java.lang.Object, java.lang.Object, java.lang.Object, java.lang.Object, java.lang.Object)'> (0x0000000084cc20f8) 
thrown [t:\workspace\open\src\hotspot\share\interpreter\linkResolver.cpp, line 790]
Event: 47.714 Thread 0x000001a8e7bc7ff0 Exception <a 'java/lang/NoSuchMethodError'{0x0000000089962468}: 'void java.lang.invoke.DirectMethodHandle$Holder.invokeSpecial(java.lang.Object, java.lang.Object, java.lang.Object, java.lang.Object, java.lang.Object, java.lang.Object, java.lang.Object)'> (0x0000000089962468) 
thrown [t:\workspace\open\src\hotspot\share\interpreter\linkResolver.cpp, line 790]
Event: 47.923 Thread 0x000001a8e7bc7ff0 Exception <a 'java/lang/NoClassDefFoundError'{0x000000008627f090}: org/python/core/PyException> (0x000000008627f090) 
thrown [t:\workspace\open\src\hotspot\share\classfile\systemDictionary.cpp, line 245]
Event: 48.052 Thread 0x000001a8e7bc7ff0 Exception <a 'java/lang/ClassNotFoundException'{0x00000000861ff2a0}: org/springframework/web/servlet/support/RequestContextBeanInfo> (0x00000000861ff2a0) 
thrown [t:\workspace\open\src\hotspot\share\classfile\systemDictionary.cpp, line 256]
Event: 48.053 Thread 0x000001a8e7bc7ff0 Exception <a 'java/lang/ClassNotFoundException'{0x0000000086002f98}: java/lang/ObjectBeanInfo> (0x0000000086002f98) 
thrown [t:\workspace\open\src\hotspot\share\classfile\systemDictionary.cpp, line 256]
Event: 48.067 Thread 0x000001a8e7bc7ff0 Exception <a 'java/lang/ClassNotFoundException'{0x0000000086006738}: java/lang/ObjectCustomizer> (0x0000000086006738) 
thrown [t:\workspace\open\src\hotspot\share\classfile\systemDictionary.cpp, line 256]
Event: 48.081 Thread 0x000001a8e7bc7ff0 Exception <a 'java/lang/ClassNotFoundException'{0x0000000086010458}: org/springframework/web/servlet/support/RequestContextCustomizer> (0x0000000086010458) 
thrown [t:\workspace\open\src\hotspot\share\classfile\systemDictionary.cpp, line 256]
Event: 48.129 Thread 0x000001a8e7bc7ff0 Exception <a 'java/lang/ClassNotFoundException'{0x00000000860f8820}: org/springframework/cloud/netflix/eureka/server/InstanceRegistryBeanInfo> (0x00000000860f8820) 
thrown [t:\workspace\open\src\hotspot\share\classfile\systemDictionary.cpp, line 256]
Event: 48.130 Thread 0x000001a8e7bc7ff0 Exception <a 'java/lang/ClassNotFoundException'{0x00000000860feca0}: com/netflix/eureka/registry/PeerAwareInstanceRegistryImplBeanInfo> (0x00000000860feca0) 
thrown [t:\workspace\open\src\hotspot\share\classfile\systemDictionary.cpp, line 256]
Event: 48.132 Thread 0x000001a8e7bc7ff0 Exception <a 'java/lang/ClassNotFoundException'{0x0000000085f05490}: com/netflix/eureka/registry/AbstractInstanceRegistryBeanInfo> (0x0000000085f05490) 
thrown [t:\workspace\open\src\hotspot\share\classfile\systemDictionary.cpp, line 256]
Event: 48.134 Thread 0x000001a8e7bc7ff0 Exception <a 'java/lang/ClassNotFoundException'{0x0000000085f0b7d8}: com/netflix/eureka/registry/AbstractInstanceRegistryCustomizer> (0x0000000085f0b7d8) 
thrown [t:\workspace\open\src\hotspot\share\classfile\systemDictionary.cpp, line 256]
Event: 48.138 Thread 0x000001a8e7bc7ff0 Exception <a 'java/lang/ClassNotFoundException'{0x0000000085f2e068}: com/netflix/eureka/registry/PeerAwareInstanceRegistryImplCustomizer> (0x0000000085f2e068) 
thrown [t:\workspace\open\src\hotspot\share\classfile\systemDictionary.cpp, line 256]
Event: 48.141 Thread 0x000001a8e7bc7ff0 Exception <a 'java/lang/ClassNotFoundException'{0x0000000085f48810}: org/springframework/cloud/netflix/eureka/server/InstanceRegistryCustomizer> (0x0000000085f48810) 
thrown [t:\workspace\open\src\hotspot\share\classfile\systemDictionary.cpp, line 256]
Event: 48.169 Thread 0x000001a8e7bc7ff0 Exception <a 'java/lang/ClassNotFoundException'{0x0000000085f913f8}: java/util/LinkedHashMap$EntryBeanInfo> (0x0000000085f913f8) 
thrown [t:\workspace\open\src\hotspot\share\classfile\systemDictionary.cpp, line 256]
Event: 48.170 Thread 0x000001a8e7bc7ff0 Exception <a 'java/lang/ClassNotFoundException'{0x0000000085f94730}: java/util/HashMap$NodeBeanInfo> (0x0000000085f94730) 
thrown [t:\workspace\open\src\hotspot\share\classfile\systemDictionary.cpp, line 256]
Event: 48.171 Thread 0x000001a8e7bc7ff0 Exception <a 'java/lang/ClassNotFoundException'{0x0000000085f97750}: java/util/HashMap$NodeCustomizer> (0x0000000085f97750) 
thrown [t:\workspace\open\src\hotspot\share\classfile\systemDictionary.cpp, line 256]
Event: 48.175 Thread 0x000001a8e7bc7ff0 Exception <a 'java/lang/ClassNotFoundException'{0x0000000085fa4810}: java/util/LinkedHashMap$EntryCustomizer> (0x0000000085fa4810) 
thrown [t:\workspace\open\src\hotspot\share\classfile\systemDictionary.cpp, line 256]
Event: 48.186 Thread 0x000001a8e7bc7ff0 Exception <a 'java/lang/ClassNotFoundException'{0x0000000085faf908}: com/netflix/eureka/util/StatusInfoBeanInfo> (0x0000000085faf908) 
thrown [t:\workspace\open\src\hotspot\share\classfile\systemDictionary.cpp, line 256]
Event: 48.187 Thread 0x000001a8e7bc7ff0 Exception <a 'java/lang/ClassNotFoundException'{0x0000000085fb4d40}: com/netflix/eureka/util/StatusInfoCustomizer> (0x0000000085fb4d40) 
thrown [t:\workspace\open\src\hotspot\share\classfile\systemDictionary.cpp, line 256]

Events (20 events):
Event: 48.169 loading class java/util/HashMap$NodeBeanInfo
Event: 48.169 loading class java/util/HashMap$NodeBeanInfo done
Event: 48.170 loading class java/util/HashMap$NodeBeanInfo
Event: 48.170 loading class java/util/HashMap$NodeBeanInfo done
Event: 48.170 loading class java/util/HashMap$NodeCustomizer
Event: 48.170 loading class java/util/HashMap$NodeCustomizer done
Event: 48.171 loading class java/util/HashMap$NodeCustomizer
Event: 48.171 loading class java/util/HashMap$NodeCustomizer done
Event: 48.171 loading class com/sun/beans/finder/MethodFinder
Event: 48.171 loading class com/sun/beans/finder/AbstractFinder
Event: 48.171 loading class com/sun/beans/finder/AbstractFinder done
Event: 48.172 loading class com/sun/beans/finder/MethodFinder done
Event: 48.172 loading class com/sun/beans/finder/MethodFinder$1
Event: 48.172 loading class com/sun/beans/finder/MethodFinder$1 done
Event: 48.172 loading class com/sun/beans/finder/FinderUtils
Event: 48.172 loading class com/sun/beans/finder/FinderUtils done
Event: 48.174 loading class java/util/LinkedHashMap$EntryCustomizer
Event: 48.174 loading class java/util/LinkedHashMap$EntryCustomizer done
Event: 48.175 loading class java/util/LinkedHashMap$EntryCustomizer
Event: 48.175 loading class java/util/LinkedHashMap$EntryCustomizer done


Dynamic libraries:
0x00007ff738530000 - 0x00007ff738540000 	C:\Program Files\Java\jdk-16.0.2\bin\java.exe
0x00007ffbe26a0000 - 0x00007ffbe28a7000 	C:\WINDOWS\SYSTEM32\ntdll.dll
0x00007ffbe1160000 - 0x00007ffbe121d000 	C:\WINDOWS\System32\KERNEL32.DLL
0x00007ffbdfe30000 - 0x00007ffbe01a4000 	C:\WINDOWS\System32\KERNELBASE.dll
0x00007ffbdfb80000 - 0x00007ffbdfc91000 	C:\WINDOWS\System32\ucrtbase.dll
0x00007ffbce2b0000 - 0x00007ffbce2c9000 	C:\Program Files\Java\jdk-16.0.2\bin\VCRUNTIME140.dll
0x00007ffbce2d0000 - 0x00007ffbce2e8000 	C:\Program Files\Java\jdk-16.0.2\bin\jli.dll
0x00007ffbe0f00000 - 0x00007ffbe0fac000 	C:\WINDOWS\System32\ADVAPI32.dll
0x00007ffbe1850000 - 0x00007ffbe18f3000 	C:\WINDOWS\System32\msvcrt.dll
0x00007ffbe0560000 - 0x00007ffbe05fd000 	C:\WINDOWS\System32\sechost.dll
0x00007ffbe0620000 - 0x00007ffbe0741000 	C:\WINDOWS\System32\RPCRT4.dll
0x00007ffbe0ce0000 - 0x00007ffbe0e8c000 	C:\WINDOWS\System32\USER32.dll
0x00007ffbdfd60000 - 0x00007ffbdfd86000 	C:\WINDOWS\System32\win32u.dll
0x00007ffbe1900000 - 0x00007ffbe1929000 	C:\WINDOWS\System32\GDI32.dll
0x00007ffbc9230000 - 0x00007ffbc94d5000 	C:\WINDOWS\WinSxS\amd64_microsoft.windows.common-controls_6595b64144ccf1df_6.0.22000.120_none_9d947278b86cc467\COMCTL32.dll
0x00007ffbe0390000 - 0x00007ffbe04a2000 	C:\WINDOWS\System32\gdi32full.dll
0x00007ffbdfd90000 - 0x00007ffbdfe2d000 	C:\WINDOWS\System32\msvcp_win.dll
0x00007ffbd9cf0000 - 0x00007ffbd9cfa000 	C:\WINDOWS\SYSTEM32\VERSION.dll
0x00007ffbe1930000 - 0x00007ffbe1961000 	C:\WINDOWS\System32\IMM32.DLL
0x00007ffbdc590000 - 0x00007ffbdc59c000 	C:\Program Files\Java\jdk-16.0.2\bin\vcruntime140_1.dll
0x00007ffbc4270000 - 0x00007ffbc4301000 	C:\Program Files\Java\jdk-16.0.2\bin\msvcp140.dll
0x00007ffb9df80000 - 0x00007ffb9eb2b000 	C:\Program Files\Java\jdk-16.0.2\bin\server\jvm.dll
0x00007ffbe0610000 - 0x00007ffbe0618000 	C:\WINDOWS\System32\PSAPI.DLL
0x00007ffbbbc60000 - 0x00007ffbbbc69000 	C:\WINDOWS\SYSTEM32\WSOCK32.dll
0x00007ffbdac80000 - 0x00007ffbdacb3000 	C:\WINDOWS\SYSTEM32\WINMM.dll
0x00007ffbe1010000 - 0x00007ffbe107f000 	C:\WINDOWS\System32\WS2_32.dll
0x00007ffbdec60000 - 0x00007ffbdec78000 	C:\WINDOWS\SYSTEM32\kernel.appcore.dll
0x00007ffbdc570000 - 0x00007ffbdc57a000 	C:\Program Files\Java\jdk-16.0.2\bin\jimage.dll
0x00007ffbcf6e0000 - 0x00007ffbcf901000 	C:\WINDOWS\SYSTEM32\DBGHELP.DLL
0x00007ffbc50c0000 - 0x00007ffbc50f1000 	C:\WINDOWS\SYSTEM32\dbgcore.DLL
0x00007ffbe04b0000 - 0x00007ffbe052f000 	C:\WINDOWS\System32\bcryptPrimitives.dll
0x00007ffbcd480000 - 0x00007ffbcd48e000 	C:\Program Files\Java\jdk-16.0.2\bin\instrument.dll
0x00007ffbcce80000 - 0x00007ffbccea5000 	C:\Program Files\Java\jdk-16.0.2\bin\java.dll
0x00007ffbe1af0000 - 0x00007ffbe229e000 	C:\WINDOWS\System32\SHELL32.dll
0x00007ffbddca0000 - 0x00007ffbde507000 	C:\WINDOWS\SYSTEM32\windows.storage.dll
0x00007ffbe1220000 - 0x00007ffbe1598000 	C:\WINDOWS\System32\combase.dll
0x00007ffbddb30000 - 0x00007ffbddc96000 	C:\WINDOWS\SYSTEM32\wintypes.dll
0x00007ffbe2570000 - 0x00007ffbe265a000 	C:\WINDOWS\System32\SHCORE.dll
0x00007ffbe0fb0000 - 0x00007ffbe100d000 	C:\WINDOWS\System32\shlwapi.dll
0x00007ffbdfab0000 - 0x00007ffbdfad1000 	C:\WINDOWS\SYSTEM32\profapi.dll
0x00007ffbca3f0000 - 0x00007ffbca408000 	C:\Program Files\Java\jdk-16.0.2\bin\zip.dll
0x00007ffbcd3e0000 - 0x00007ffbcd3f9000 	C:\Program Files\Java\jdk-16.0.2\bin\net.dll
0x00007ffbd98a0000 - 0x00007ffbd99ac000 	C:\WINDOWS\SYSTEM32\WINHTTP.dll
0x00007ffbdf070000 - 0x00007ffbdf0d7000 	C:\WINDOWS\system32\mswsock.dll
0x00007ffbcce60000 - 0x00007ffbcce73000 	C:\Program Files\Java\jdk-16.0.2\bin\nio.dll
0x00007ffbca3c0000 - 0x00007ffbca3da000 	C:\Program Files\JetBrains\IntelliJ IDEA Community Edition 2021.2\bin\breakgen64.dll
0x00007ffbcf4a0000 - 0x00007ffbcf4b0000 	C:\Program Files\Java\jdk-16.0.2\bin\verify.dll
0x00007ffbde7a0000 - 0x00007ffbde7cd000 	C:\WINDOWS\SYSTEM32\IPHLPAPI.DLL
0x00007ffbe0600000 - 0x00007ffbe0609000 	C:\WINDOWS\System32\NSI.dll
0x00007ffbd8f90000 - 0x00007ffbd8fa9000 	C:\WINDOWS\SYSTEM32\dhcpcsvc6.DLL
0x00007ffbda0f0000 - 0x00007ffbda10e000 	C:\WINDOWS\SYSTEM32\dhcpcsvc.DLL
0x00007ffbde7d0000 - 0x00007ffbde8b7000 	C:\WINDOWS\SYSTEM32\DNSAPI.dll
0x00007ffbca8d0000 - 0x00007ffbca8da000 	C:\Windows\System32\rasadhlp.dll
0x00007ffbd5d90000 - 0x00007ffbd5e11000 	C:\WINDOWS\System32\fwpuclnt.dll
0x00007ffbcd380000 - 0x00007ffbcd389000 	C:\Program Files\Java\jdk-16.0.2\bin\management.dll
0x00007ffbcd200000 - 0x00007ffbcd20b000 	C:\Program Files\Java\jdk-16.0.2\bin\management_ext.dll
0x00007ffba6240000 - 0x00007ffba6257000 	C:\WINDOWS\system32\napinsp.dll
0x00007ffba6220000 - 0x00007ffba623b000 	C:\WINDOWS\system32\pnrpnsp.dll
0x00007ffba58c0000 - 0x00007ffba58d2000 	C:\WINDOWS\System32\winrnr.dll
0x00007ffba58a0000 - 0x00007ffba58b5000 	C:\WINDOWS\system32\wshbth.dll
0x00007ffba5800000 - 0x00007ffba581f000 	C:\WINDOWS\system32\nlansp_c.dll
0x00007ffbdf2e0000 - 0x00007ffbdf2f8000 	C:\WINDOWS\SYSTEM32\CRYPTSP.dll
0x00007ffbdebc0000 - 0x00007ffbdebf5000 	C:\WINDOWS\system32\rsaenh.dll
0x00007ffbdf150000 - 0x00007ffbdf179000 	C:\WINDOWS\SYSTEM32\USERENV.dll
0x00007ffbdf4e0000 - 0x00007ffbdf507000 	C:\WINDOWS\SYSTEM32\bcrypt.dll
0x00007ffbdf2d0000 - 0x00007ffbdf2dc000 	C:\WINDOWS\SYSTEM32\CRYPTBASE.dll
0x00007ffbcb120000 - 0x00007ffbcb12e000 	C:\Program Files\Java\jdk-16.0.2\bin\sunmscapi.dll
0x00007ffbe01b0000 - 0x00007ffbe0312000 	C:\WINDOWS\System32\CRYPT32.dll
0x00007ffbdf440000 - 0x00007ffbdf468000 	C:\WINDOWS\SYSTEM32\ncrypt.dll
0x00007ffbdf400000 - 0x00007ffbdf437000 	C:\WINDOWS\SYSTEM32\NTASN1.dll
0x00007ffbca3e0000 - 0x00007ffbca3e8000 	C:\WINDOWS\system32\wshunix.dll

dbghelp: loaded successfully - version: 4.0.5 - missing functions: none
symbol engine: initialized successfully - sym options: 0x614 - pdb path: .;C:\Program Files\Java\jdk-16.0.2\bin;C:\WINDOWS\SYSTEM32;C:\WINDOWS\WinSxS\amd64_microsoft.windows.common-controls_6595b64144ccf1df_6.0.22000.120_none_9d947278b86cc467;C:\Program Files\Java\jdk-16.0.2\bin\server;C:\Program Files\JetBrains\IntelliJ IDEA Community Edition 2021.2\bin

VM Arguments:
jvm_args: -javaagent:C:\Program Files\JetBrains\IntelliJ IDEA Community Edition 2021.2\lib\idea_rt.jar=64277:C:\Program Files\JetBrains\IntelliJ IDEA Community Edition 2021.2\bin -Dfile.encoding=UTF-8 
java_command: com.example.eurekanamingserver.EurekaNamingserverApplication
java_class_path (initial): C:\Users\WIND 10\Desktop\libraryApp\libraryApp\eureka-namingserver\target\classes;C:\Users\WIND 10\.m2\repository\org\springframework\boot\spring-boot-starter-web\2.5.2\spring-boot-starter-web-2.5.2.jar;C:\Users\WIND 10\.m2\repository\org\springframework\boot\spring-boot-starter\2.5.2\spring-boot-starter-2.5.2.jar;C:\Users\WIND 10\.m2\repository\org\springframework\boot\spring-boot\2.5.2\spring-boot-2.5.2.jar;C:\Users\WIND 10\.m2\repository\org\springframework\boot\spring-boot-autoconfigure\2.5.2\spring-boot-autoconfigure-2.5.2.jar;C:\Users\WIND 10\.m2\repository\org\springframework\boot\spring-boot-starter-logging\2.5.2\spring-boot-starter-logging-2.5.2.jar;C:\Users\WIND 10\.m2\repository\ch\qos\logback\logback-classic\1.2.3\logback-classic-1.2.3.jar;C:\Users\WIND 10\.m2\repository\ch\qos\logback\logback-core\1.2.3\logback-core-1.2.3.jar;C:\Users\WIND 10\.m2\repository\org\apache\logging\log4j\log4j-to-slf4j\2.14.1\log4j-to-slf4j-2.14.1.jar;C:\Users\WIND 10\.m2\repository\org\apache\logging\log4j\log4j-api\2.14.1\log4j-api-2.14.1.jar;C:\Users\WIND 10\.m2\repository\org\slf4j\jul-to-slf4j\1.7.31\jul-to-slf4j-1.7.31.jar;C:\Users\WIND 10\.m2\repository\jakarta\annotation\jakarta.annotation-api\1.3.5\jakarta.annotation-api-1.3.5.jar;C:\Users\WIND 10\.m2\repository\org\yaml\snakeyaml\1.28\snakeyaml-1.28.jar;C:\Users\WIND 10\.m2\repository\org\springframework\boot\spring-boot-starter-json\2.5.2\spring-boot-starter-json-2.5.2.jar;C:\Users\WIND 10\.m2\repository\com\fasterxml\jackson\core\jackson-databind\2.12.3\jackson-databind-2.12.3.jar;C:\Users\WIND 10\.m2\repository\com\fasterxml\jackson\core\jackson-annotations\2.12.3\jackson-annotations-2.12.3.jar;C:\Users\WIND 10\.m2\repository\com\fasterxml\jackson\core\jackson-core\2.12.3\jackson-core-2.12.3.jar;C:\Users\WIND 10\.m2\repository\com\fasterxml\jackson\datatype\jackson-datatype-jdk8\2.12.3\jackson-datatype-jdk8-2.12.3.jar;C:\Users\WIND 10\.m2\repository\com\fasterxml\jackson\datatype\jack
Launcher Type: SUN_STANDARD

[Global flags]
     intx CICompilerCount                          = 4                                         {product} {ergonomic}
     uint ConcGCThreads                            = 2                                         {product} {ergonomic}
     uint G1ConcRefinementThreads                  = 8                                         {product} {ergonomic}
   size_t G1HeapRegionSize                         = 1048576                                   {product} {ergonomic}
    uintx GCDrainStackTargetSize                   = 64                                        {product} {ergonomic}
   size_t InitialHeapSize                          = 132120576                                 {product} {ergonomic}
   size_t MarkStackSize                            = 4194304                                   {product} {ergonomic}
   size_t MaxHeapSize                              = 2109734912                                {product} {ergonomic}
   size_t MaxNewSize                               = 1265631232                                {product} {ergonomic}
   size_t MinHeapDeltaBytes                        = 1048576                                   {product} {ergonomic}
   size_t MinHeapSize                              = 8388608                                   {product} {ergonomic}
    uintx NonNMethodCodeHeapSize                   = 5839372                                {pd product} {ergonomic}
    uintx NonProfiledCodeHeapSize                  = 122909434                              {pd product} {ergonomic}
    uintx ProfiledCodeHeapSize                     = 122909434                              {pd product} {ergonomic}
    uintx ReservedCodeCacheSize                    = 251658240                              {pd product} {ergonomic}
     bool SegmentedCodeCache                       = true                                      {product} {ergonomic}
   size_t SoftMaxHeapSize                          = 2109734912                             {manageable} {ergonomic}
     bool UseCompressedClassPointers               = true                           {product lp64_product} {ergonomic}
     bool UseCompressedOops                        = true                           {product lp64_product} {ergonomic}
     bool UseG1GC                                  = true                                      {product} {ergonomic}
     bool UseLargePagesIndividualAllocation        = false                                  {pd product} {ergonomic}

Logging:
Log output configuration:
 #0: stdout all=warning uptime,level,tags
 #1: stderr all=off uptime,level,tags

Environment Variables:
JAVA_HOME=C:\Program Files\Java\jdk-16.0.2
PATH=C:\Python310\Scripts\;C:\Python310\;C:\App\db_home\bin;C:\App\WINDOWS.X64_193000_db_home\bin;C:\Program Files\apache-maven-3.8.2\bin;C:\WINDOWS\system32;C:\WINDOWS;C:\WINDOWS\System32\Wbem;C:\WINDOWS\System32\WindowsPowerShell\v1.0\;C:\WINDOWS\System32\OpenSSH\;C:\Program Files\Intel\WiFi\bin\;C:\Program Files\Common Files\Intel\WirelessCommon\;C:\Program Files\Java\jdk-16.0.2\bin;%M2_HOME%\bin;C:\Program Files\nodejs\;C:\ProgramData\chocolatey\bin;C:\Program Files\Git\cmd;C:\Program Files\MySQL\MySQL Shell 8.0\bin\;C:\Users\WIND 10\AppData\Local\Microsoft\WindowsApps;C:\Program Files\JetBrains\IntelliJ IDEA Community Edition 2021.2\bin;;C:\Program Files\apache-maven-3.8.2;C:\Users\WIND 10\AppData\Roaming\npm;C:\Users\WIND 10\AppData\Local\Programs\Microsoft VS Code\bin;C:\Program Files\Azure Data Studio\bin
USERNAME=WIND 10
OS=Windows_NT
PROCESSOR_IDENTIFIER=Intel64 Family 6 Model 142 Stepping 12, GenuineIntel



---------------  S Y S T E M  ---------------

OS:
 Windows 10 , 64 bit Build 22000 (10.0.22000.318)
OS uptime: 7 days 17:27 hours
Hyper-V role detected

CPU: total 8 (initial active 8) (4 cores per cpu, 2 threads per core) family 6 model 142 stepping 12 microcode 0xde, cx8, cmov, fxsr, ht, mmx, 3dnowpref, sse, sse2, sse3, ssse3, sse4.1, sse4.2, popcnt, lzcnt, tsc, tscinvbit, avx, avx2, aes, erms, clmul, bmi1, bmi2, adx, fma, vzeroupper, clflush, clflushopt, hv

Memory: 4k page, system-wide physical 8043M (660M free)
TotalPageFile size 20153M (AvailPageFile size 21M)
current process WorkingSet (physical memory assigned to process): 216M, peak: 218M
current process commit charge ("private bytes"): 277M, peak: 278M

vm_info: Java HotSpot(TM) 64-Bit Server VM (16.0.2+7-67) for windows-amd64 JRE (16.0.2+7-67), built on Jun  8 2021 23:24:19 by "mach5one" with MS VC++ 16.7 (VS2019)

END.
